<?xml version="1.0" encoding="UTF-8"?>
<testng-results skipped="0" failed="0" total="2" passed="2">
  <reporter-output>
  </reporter-output>
  <suite name="My Suite" duration-ms="81" started-at="2018-12-05T08:15:45Z" finished-at="2018-12-05T08:15:45Z">
    <groups>
    </groups>
    <test name="testing" duration-ms="34" started-at="2018-12-05T08:15:45Z" finished-at="2018-12-05T08:15:45Z">
      <class name="testing.AppTest">
        <test-method status="PASS" signature="Login()[pri:0, instance:testing.AppTest@6b71769e]" name="Login" duration-ms="15" started-at="2018-12-05T13:45:45Z" finished-at="2018-12-05T13:45:45Z">
          <reporter-output>
          </reporter-output>
        </test-method> <!-- Login -->
      </class> <!-- testing.AppTest -->
    </test> <!-- testing -->
    <test name="testing1" duration-ms="2" started-at="2018-12-05T08:15:45Z" finished-at="2018-12-05T08:15:45Z">
      <class name="testing.Yahoo">
        <test-method status="PASS" signature="Yahoo()[pri:0, instance:testing.Yahoo@67b64c45]" name="Yahoo" duration-ms="1" started-at="2018-12-05T13:45:45Z" finished-at="2018-12-05T13:45:45Z">
          <reporter-output>
          </reporter-output>
        </test-method> <!-- Yahoo -->
      </class> <!-- testing.Yahoo -->
    </test> <!-- testing1 -->
  </suite> <!-- My Suite -->
</testng-results>
