<?xml version="1.0" encoding="UTF-8"?>
<testng-results skipped="0" failed="0" total="2" passed="2">
  <reporter-output>
  </reporter-output>
  <suite name="My Suite" duration-ms="93" started-at="2018-12-05T11:27:29Z" finished-at="2018-12-05T11:27:29Z">
    <groups>
    </groups>
    <test name="Pack2_Test1" duration-ms="40" started-at="2018-12-05T11:27:29Z" finished-at="2018-12-05T11:27:29Z">
      <class name="pac1.TestA">
        <test-method status="PASS" signature="A()[pri:0, instance:pac1.TestA@6979e8cb]" name="A" duration-ms="14" started-at="2018-12-05T16:57:29Z" finished-at="2018-12-05T16:57:29Z">
          <reporter-output>
          </reporter-output>
        </test-method> <!-- A -->
      </class> <!-- pac1.TestA -->
    </test> <!-- Pack2_Test1 -->
    <test name="Pack2_Test2" duration-ms="1" started-at="2018-12-05T11:27:29Z" finished-at="2018-12-05T11:27:29Z">
      <class name="pac1.TestB">
        <test-method status="PASS" signature="A()[pri:0, instance:pac1.TestB@f5f2bb7]" name="A" duration-ms="0" started-at="2018-12-05T16:57:29Z" finished-at="2018-12-05T16:57:29Z">
          <reporter-output>
          </reporter-output>
        </test-method> <!-- A -->
      </class> <!-- pac1.TestB -->
    </test> <!-- Pack2_Test2 -->
  </suite> <!-- My Suite -->
</testng-results>
